# JRE version: OpenJDK Runtime Environment (11.0.10) (build 11.0.10+0-b96-7249189)
# Java VM: OpenJDK 64-Bit Server VM (11.0.10+0-b96-7249189, mixed mode, tiered, compressed oops, g1 gc, windows-amd64)
Heap:
 garbage-first heap   total 447488K, used 202143K [0x0000000080000000, 0x0000000100000000)
  region size 1024K, 11 young (11264K), 8 survivors (8192K)
 Metaspace       used 160255K, capacity 165519K, committed 175564K, reserved 1202176K
  class space    used 19072K, capacity 20951K, committed 22988K, reserved 1048576K
GC Heap History (20 events):
Event: 25395.655 GC heap before
{Heap before GC invocations=390 (full 0):
 garbage-first heap   total 447488K, used 169832K [0x0000000080000000, 0x0000000100000000)
  region size 1024K, 38 young (38912K), 2 survivors (2048K)
 Metaspace       used 160066K, capacity 165501K, committed 175564K, reserved 1202176K
  class space    used 19074K, capacity 20999K, committed 22988K, reserved 1048576K
}
Event: 25395.670 GC heap after
{Heap after GC invocations=391 (full 0):
 garbage-first heap   total 447488K, used 135186K [0x0000000080000000, 0x0000000100000000)
  region size 1024K, 3 young (3072K), 3 survivors (3072K)
 Metaspace       used 160066K, capacity 165501K, committed 175564K, reserved 1202176K
  class space    used 19074K, capacity 20999K, committed 22988K, reserved 1048576K
}
Event: 25767.647 GC heap before
{Heap before GC invocations=392 (full 0):
 garbage-first heap   total 447488K, used 408594K [0x0000000080000000, 0x0000000100000000)
  region size 1024K, 179 young (183296K), 3 survivors (3072K)
 Metaspace       used 160006K, capacity 165227K, committed 175564K, reserved 1202176K
  class space    used 19048K, capacity 20909K, committed 22988K, reserved 1048576K
}
Event: 25767.670 GC heap after
{Heap after GC invocations=393 (full 0):
 garbage-first heap   total 447488K, used 142506K [0x0000000080000000, 0x0000000100000000)
  region size 1024K, 8 young (8192K), 8 survivors (8192K)
 Metaspace       used 160006K, capacity 165227K, committed 175564K, reserved 1202176K
  class space    used 19048K, capacity 20909K, committed 22988K, reserved 1048576K
}
Event: 25768.377 GC heap before
{Heap before GC invocations=393 (full 0):
 garbage-first heap   total 447488K, used 156842K [0x0000000080000000, 0x0000000100000000)
  region size 1024K, 21 young (21504K), 8 survivors (8192K)
 Metaspace       used 160006K, capacity 165227K, committed 175564K, reserved 1202176K
  class space    used 19048K, capacity 20909K, committed 22988K, reserved 1048576K
}
Event: 25768.422 GC heap after
{Heap after GC invocations=394 (full 0):
 garbage-first heap   total 447488K, used 142122K [0x0000000080000000, 0x0000000100000000)
  region size 1024K, 3 young (3072K), 3 survivors (3072K)
 Metaspace       used 160006K, capacity 165227K, committed 175564K, reserved 1202176K
  class space    used 19048K, capacity 20909K, committed 22988K, reserved 1048576K
}
Event: 25770.671 GC heap before
{Heap before GC invocations=394 (full 0):
 garbage-first heap   total 447488K, used 244522K [0x0000000080000000, 0x0000000100000000)
  region size 1024K, 105 young (107520K), 3 survivors (3072K)
 Metaspace       used 160032K, capacity 165303K, committed 175564K, reserved 1202176K
  class space    used 19050K, capacity 20912K, committed 22988K, reserved 1048576K
}
Event: 25770.697 GC heap after
{Heap after GC invocations=395 (full 0):
 garbage-first heap   total 447488K, used 148266K [0x0000000080000000, 0x0000000100000000)
  region size 1024K, 9 young (9216K), 9 survivors (9216K)
 Metaspace       used 160032K, capacity 165303K, committed 175564K, reserved 1202176K
  class space    used 19050K, capacity 20912K, committed 22988K, reserved 1048576K
}
Event: 26184.675 GC heap before
{Heap before GC invocations=396 (full 0):
 garbage-first heap   total 447488K, used 357162K [0x0000000080000000, 0x0000000100000000)
  region size 1024K, 167 young (171008K), 9 survivors (9216K)
 Metaspace       used 160063K, capacity 165305K, committed 175564K, reserved 1202176K
  class space    used 19050K, capacity 20912K, committed 22988K, reserved 1048576K
}
Event: 26184.700 GC heap after
{Heap after GC invocations=397 (full 0):
 garbage-first heap   total 447488K, used 156127K [0x0000000080000000, 0x0000000100000000)
  region size 1024K, 15 young (15360K), 15 survivors (15360K)
 Metaspace       used 160063K, capacity 165305K, committed 175564K, reserved 1202176K
  class space    used 19050K, capacity 20912K, committed 22988K, reserved 1048576K
}
Event: 26184.782 GC heap before
{Heap before GC invocations=397 (full 0):
 garbage-first heap   total 447488K, used 162271K [0x0000000080000000, 0x0000000100000000)
  region size 1024K, 21 young (21504K), 15 survivors (15360K)
 Metaspace       used 160063K, capacity 165305K, committed 175564K, reserved 1202176K
  class space    used 19050K, capacity 20912K, committed 22988K, reserved 1048576K
}
Event: 26184.832 GC heap after
{Heap after GC invocations=398 (full 0):
 garbage-first heap   total 447488K, used 148556K [0x0000000080000000, 0x0000000100000000)
  region size 1024K, 2 young (2048K), 2 survivors (2048K)
 Metaspace       used 160063K, capacity 165305K, committed 175564K, reserved 1202176K
  class space    used 19050K, capacity 20912K, committed 22988K, reserved 1048576K
}
Event: 26184.912 GC heap before
{Heap before GC invocations=398 (full 0):
 garbage-first heap   total 447488K, used 152652K [0x0000000080000000, 0x0000000100000000)
  region size 1024K, 7 young (7168K), 2 survivors (2048K)
 Metaspace       used 160064K, capacity 165305K, committed 175564K, reserved 1202176K
  class space    used 19050K, capacity 20912K, committed 22988K, reserved 1048576K
}
Event: 26184.926 GC heap after
{Heap after GC invocations=399 (full 0):
 garbage-first heap   total 447488K, used 147130K [0x0000000080000000, 0x0000000100000000)
  region size 1024K, 1 young (1024K), 1 survivors (1024K)
 Metaspace       used 160064K, capacity 165305K, committed 175564K, reserved 1202176K
  class space    used 19050K, capacity 20912K, committed 22988K, reserved 1048576K
}
Event: 26976.310 GC heap before
{Heap before GC invocations=400 (full 0):
 garbage-first heap   total 447488K, used 378554K [0x0000000080000000, 0x0000000100000000)
  region size 1024K, 179 young (183296K), 1 survivors (1024K)
 Metaspace       used 160199K, capacity 165496K, committed 175564K, reserved 1202176K
  class space    used 19069K, capacity 20947K, committed 22988K, reserved 1048576K
}
Event: 26976.337 GC heap after
{Heap after GC invocations=401 (full 0):
 garbage-first heap   total 447488K, used 161818K [0x0000000080000000, 0x0000000100000000)
  region size 1024K, 11 young (11264K), 11 survivors (11264K)
 Metaspace       used 160199K, capacity 165496K, committed 175564K, reserved 1202176K
  class space    used 19069K, capacity 20947K, committed 22988K, reserved 1048576K
}
Event: 26976.430 GC heap before
{Heap before GC invocations=401 (full 0):
 garbage-first heap   total 447488K, used 171034K [0x0000000080000000, 0x0000000100000000)
  region size 1024K, 21 young (21504K), 11 survivors (11264K)
 Metaspace       used 160199K, capacity 165496K, committed 175564K, reserved 1202176K
  class space    used 19069K, capacity 20947K, committed 22988K, reserved 1048576K
}
Event: 26976.474 GC heap after
{Heap after GC invocations=402 (full 0):
 garbage-first heap   total 447488K, used 149149K [0x0000000080000000, 0x0000000100000000)
  region size 1024K, 3 young (3072K), 3 survivors (3072K)
 Metaspace       used 160199K, capacity 165496K, committed 175564K, reserved 1202176K
  class space    used 19069K, capacity 20947K, committed 22988K, reserved 1048576K
}
Event: 26978.689 GC heap before
{Heap before GC invocations=402 (full 0):
 garbage-first heap   total 447488K, used 249500K [0x0000000080000000, 0x0000000100000000)
  region size 1024K, 103 young (105472K), 3 survivors (3072K)
 Metaspace       used 160255K, capacity 165519K, committed 175564K, reserved 1202176K
  class space    used 19072K, capacity 20951K, committed 22988K, reserved 1048576K
}
Event: 26978.716 GC heap after
{Heap after GC invocations=403 (full 0):
 garbage-first heap   total 447488K, used 154015K [0x0000000080000000, 0x0000000100000000)
  region size 1024K, 8 young (8192K), 8 survivors (8192K)
 Metaspace       used 160255K, capacity 165519K, committed 175564K, reserved 1202176K
  class space    used 19072K, capacity 20951K, committed 22988K, reserved 1048576K
}

